# JRE version: OpenJDK Runtime Environment (8.0_292-b10) (build 1.8.0_292-8u292-b10-0ubuntu1~20.04-b10)
# Java VM: OpenJDK 64-Bit Server VM (25.292-b10 mixed mode linux-amd64 compressed oops)
Heap:
 PSYoungGen      total 117760K, used 43065K [0x00000000f5580000, 0x0000000100000000, 0x0000000100000000)
  eden space 100864K, 25% used [0x00000000f5580000,0x00000000f6f11bb0,0x00000000fb800000)
  from space 16896K, 99% used [0x00000000fef80000,0x00000000ffffc880,0x0000000100000000)
  to   space 36864K, 0% used [0x00000000fb800000,0x00000000fb800000,0x00000000fdc00000)
 ParOldGen       total 340480K, used 144928K [0x00000000e0000000, 0x00000000f4c80000, 0x00000000f5580000)
  object space 340480K, 42% used [0x00000000e0000000,0x00000000e8d88340,0x00000000f4c80000)
 Metaspace       used 91331K, capacity 96048K, committed 97024K, reserved 1132544K
  class space    used 12197K, capacity 13068K, committed 13312K, reserved 1048576K
GC Heap History (10 events):
Event: 710.600 GC heap before
{Heap before GC invocations=72 (full 4):
 PSYoungGen      total 158720K, used 7611K [0x00000000f5580000, 0x0000000100000000, 0x0000000100000000)
  eden space 142848K, 0% used [0x00000000f5580000,0x00000000f5580000,0x00000000fe100000)
  from space 15872K, 47% used [0x00000000ff080000,0x00000000ff7eed98,0x0000000100000000)
  to   space 15872K, 0% used [0x00000000fe100000,0x00000000fe100000,0x00000000ff080000)
 ParOldGen       total 242688K, used 235475K [0x00000000e0000000, 0x00000000eed00000, 0x00000000f5580000)
  object space 242688K, 97% used [0x00000000e0000000,0x00000000ee5f4d40,0x00000000eed00000)
 Metaspace       used 91020K, capacity 95998K, committed 96256K, reserved 1132544K
  class space    used 12258K, capacity 13194K, committed 13312K, reserved 1048576K
Event: 711.157 GC heap after
Heap after GC invocations=72 (full 4):
 PSYoungGen      total 158720K, used 0K [0x00000000f5580000, 0x0000000100000000, 0x0000000100000000)
  eden space 142848K, 0% used [0x00000000f5580000,0x00000000f5580000,0x00000000fe100000)
  from space 15872K, 0% used [0x00000000ff080000,0x00000000ff080000,0x0000000100000000)
  to   space 15872K, 0% used [0x00000000fe100000,0x00000000fe100000,0x00000000ff080000)
 ParOldGen       total 340480K, used 97987K [0x00000000e0000000, 0x00000000f4c80000, 0x00000000f5580000)
  object space 340480K, 28% used [0x00000000e0000000,0x00000000e5fb0d70,0x00000000f4c80000)
 Metaspace       used 90445K, capacity 94962K, committed 96256K, reserved 1132544K
  class space    used 12112K, capacity 12951K, committed 13312K, reserved 1048576K
}
Event: 711.707 GC heap before
{Heap before GC invocations=73 (full 4):
 PSYoungGen      total 158720K, used 142848K [0x00000000f5580000, 0x0000000100000000, 0x0000000100000000)
  eden space 142848K, 100% used [0x00000000f5580000,0x00000000fe100000,0x00000000fe100000)
  from space 15872K, 0% used [0x00000000ff080000,0x00000000ff080000,0x0000000100000000)
  to   space 15872K, 0% used [0x00000000fe100000,0x00000000fe100000,0x00000000ff080000)
 ParOldGen       total 340480K, used 97987K [0x00000000e0000000, 0x00000000f4c80000, 0x00000000f5580000)
  object space 340480K, 28% used [0x00000000e0000000,0x00000000e5fb0d70,0x00000000f4c80000)
 Metaspace       used 90450K, capacity 94962K, committed 96256K, reserved 1132544K
  class space    used 12112K, capacity 12951K, committed 13312K, reserved 1048576K
Event: 711.736 GC heap after
Heap after GC invocations=73 (full 4):
 PSYoungGen      total 155136K, used 12285K [0x00000000f5580000, 0x0000000100000000, 0x0000000100000000)
  eden space 142848K, 0% used [0x00000000f5580000,0x00000000f5580000,0x00000000fe100000)
  from space 12288K, 99% used [0x00000000fe100000,0x00000000fecff510,0x00000000fed00000)
  to   space 16896K, 0% used [0x00000000fef80000,0x00000000fef80000,0x0000000100000000)
 ParOldGen       total 340480K, used 97995K [0x00000000e0000000, 0x00000000f4c80000, 0x00000000f5580000)
  object space 340480K, 28% used [0x00000000e0000000,0x00000000e5fb2d70,0x00000000f4c80000)
 Metaspace       used 90450K, capacity 94962K, committed 96256K, reserved 1132544K
  class space    used 12112K, capacity 12951K, committed 13312K, reserved 1048576K
}
Event: 713.466 GC heap before
{Heap before GC invocations=74 (full 4):
 PSYoungGen      total 155136K, used 155133K [0x00000000f5580000, 0x0000000100000000, 0x0000000100000000)
  eden space 142848K, 100% used [0x00000000f5580000,0x00000000fe100000,0x00000000fe100000)
  from space 12288K, 99% used [0x00000000fe100000,0x00000000fecff510,0x00000000fed00000)
  to   space 16896K, 0% used [0x00000000fef80000,0x00000000fef80000,0x0000000100000000)
 ParOldGen       total 340480K, used 97995K [0x00000000e0000000, 0x00000000f4c80000, 0x00000000f5580000)
  object space 340480K, 28% used [0x00000000e0000000,0x00000000e5fb2d70,0x00000000f4c80000)
 Metaspace       used 90527K, capacity 95038K, committed 96256K, reserved 1132544K
  class space    used 12123K, capacity 12953K, committed 13312K, reserved 1048576K
Event: 713.482 GC heap after
Heap after GC invocations=74 (full 4):
 PSYoungGen      total 157696K, used 1995K [0x00000000f5580000, 0x0000000100000000, 0x0000000100000000)
  eden space 140800K, 0% used [0x00000000f5580000,0x00000000f5580000,0x00000000fdf00000)
  from space 16896K, 11% used [0x00000000fef80000,0x00000000ff172f08,0x0000000100000000)
  to   space 16896K, 0% used [0x00000000fdf00000,0x00000000fdf00000,0x00000000fef80000)
 ParOldGen       total 340480K, used 99923K [0x00000000e0000000, 0x00000000f4c80000, 0x00000000f5580000)
  object space 340480K, 29% used [0x00000000e0000000,0x00000000e6194d80,0x00000000f4c80000)
 Metaspace       used 90527K, capacity 95038K, committed 96256K, reserved 1132544K
  class space    used 12123K, capacity 12953K, committed 13312K, reserved 1048576K
}
Event: 715.564 GC heap before
{Heap before GC invocations=75 (full 4):
 PSYoungGen      total 157696K, used 142795K [0x00000000f5580000, 0x0000000100000000, 0x0000000100000000)
  eden space 140800K, 100% used [0x00000000f5580000,0x00000000fdf00000,0x00000000fdf00000)
  from space 16896K, 11% used [0x00000000fef80000,0x00000000ff172f08,0x0000000100000000)
  to   space 16896K, 0% used [0x00000000fdf00000,0x00000000fdf00000,0x00000000fef80000)
 ParOldGen       total 340480K, used 99923K [0x00000000e0000000, 0x00000000f4c80000, 0x00000000f5580000)
  object space 340480K, 29% used [0x00000000e0000000,0x00000000e6194d80,0x00000000f4c80000)
 Metaspace       used 91259K, capacity 96000K, committed 97024K, reserved 1132544K
  class space    used 12193K, capacity 13060K, committed 13312K, reserved 1048576K
Event: 715.675 GC heap after
Heap after GC invocations=75 (full 4):
 PSYoungGen      total 157696K, used 16894K [0x00000000f5580000, 0x0000000100000000, 0x0000000100000000)
  eden space 140800K, 0% used [0x00000000f5580000,0x00000000f5580000,0x00000000fdf00000)
  from space 16896K, 99% used [0x00000000fdf00000,0x00000000fef7fb30,0x00000000fef80000)
  to   space 16896K, 0% used [0x00000000fef80000,0x00000000fef80000,0x0000000100000000)
 ParOldGen       total 340480K, used 126255K [0x00000000e0000000, 0x00000000f4c80000, 0x00000000f5580000)
  object space 340480K, 37% used [0x00000000e0000000,0x00000000e7b4bcc0,0x00000000f4c80000)
 Metaspace       used 91259K, capacity 96000K, committed 97024K, reserved 1132544K
  class space    used 12193K, capacity 13060K, committed 13312K, reserved 1048576K
}
Event: 717.264 GC heap before
{Heap before GC invocations=76 (full 4):
 PSYoungGen      total 157696K, used 157694K [0x00000000f5580000, 0x0000000100000000, 0x0000000100000000)
  eden space 140800K, 100% used [0x00000000f5580000,0x00000000fdf00000,0x00000000fdf00000)
  from space 16896K, 99% used [0x00000000fdf00000,0x00000000fef7fb30,0x00000000fef80000)
  to   space 16896K, 0% used [0x00000000fef80000,0x00000000fef80000,0x0000000100000000)
 ParOldGen       total 340480K, used 126255K [0x00000000e0000000, 0x00000000f4c80000, 0x00000000f5580000)
  object space 340480K, 37% used [0x00000000e0000000,0x00000000e7b4bcc0,0x00000000f4c80000)
 Metaspace       used 91267K, capacity 96000K, committed 97024K, reserved 1132544K
  class space    used 12193K, capacity 13060K, committed 13312K, reserved 1048576K
Event: 717.391 GC heap after
Heap after GC invocations=76 (full 4):
 PSYoungGen      total 117760K, used 16882K [0x00000000f5580000, 0x0000000100000000, 0x0000000100000000)
  eden space 100864K, 0% used [0x00000000f5580000,0x00000000f5580000,0x00000000fb800000)
  from space 16896K, 99% used [0x00000000fef80000,0x00000000ffffc880,0x0000000100000000)
  to   space 36864K, 0% used [0x00000000fb800000,0x00000000fb800000,0x00000000fdc00000)
 ParOldGen       total 340480K, used 144928K [0x00000000e0000000, 0x00000000f4c80000, 0x00000000f5580000)
  object space 340480K, 42% used [0x00000000e0000000,0x00000000e8d88340,0x00000000f4c80000)
 Metaspace       used 91267K, capacity 96000K, committed 97024K, reserved 1132544K
  class space    used 12193K, capacity 13060K, committed 13312K, reserved 1048576K
}

